<?xml version="1.0" encoding="UTF-8"?>
<!-- Generated by org.testng.reporters.JUnitXMLReporter -->
<testsuite hostname="DESKTOP-A9DN365" ignored="0" name="Default test" tests="4" failures="0" timestamp="13 Apr 2021 15:37:14 GMT" time="6.939" errors="0">
  <testcase name="@BeforeClass beforeClass" time="6.093" classname="com.testcases.TestNgClass1">
    <failure type="java.lang.NullPointerException">
      <![CDATA[java.lang.NullPointerException
at com.utility.lib.startBrowser(lib.java:71)
at com.testcases.TestNgClass1.beforeClass(TestNgClass1.java:205)
at sun.reflect.NativeMethodAccessorImpl.invoke0(Native Method)
at sun.reflect.NativeMethodAccessorImpl.invoke(NativeMethodAccessorImpl.java:62)
at sun.reflect.DelegatingMethodAccessorImpl.invoke(DelegatingMethodAccessorImpl.java:43)
at java.lang.reflect.Method.invoke(Method.java:498)
at org.testng.internal.MethodInvocationHelper.invokeMethod(MethodInvocationHelper.java:124)
at org.testng.internal.MethodInvocationHelper.invokeMethodConsideringTimeout(MethodInvocationHelper.java:59)
at org.testng.internal.Invoker.invokeConfigurationMethod(Invoker.java:455)
at org.testng.internal.Invoker.invokeConfigurations(Invoker.java:222)
at org.testng.internal.Invoker.invokeConfigurations(Invoker.java:142)
at org.testng.internal.TestMethodWorker.invokeBeforeClassMethods(TestMethodWorker.java:168)
at org.testng.internal.TestMethodWorker.run(TestMethodWorker.java:105)
at org.testng.TestRunner.privateRun(TestRunner.java:648)
at org.testng.TestRunner.run(TestRunner.java:505)
at org.testng.SuiteRunner.runTest(SuiteRunner.java:455)
at org.testng.SuiteRunner.runSequentially(SuiteRunner.java:450)
at org.testng.SuiteRunner.privateRun(SuiteRunner.java:415)
at org.testng.SuiteRunner.run(SuiteRunner.java:364)
at org.testng.SuiteRunnerWorker.runSuite(SuiteRunnerWorker.java:52)
at org.testng.SuiteRunnerWorker.run(SuiteRunnerWorker.java:84)
at org.testng.TestNG.runSuitesSequentially(TestNG.java:1208)
at org.testng.TestNG.runSuitesLocally(TestNG.java:1137)
at org.testng.TestNG.runSuites(TestNG.java:1049)
at org.testng.TestNG.run(TestNG.java:1017)
at org.testng.remote.AbstractRemoteTestNG.run(AbstractRemoteTestNG.java:114)
at org.testng.remote.RemoteTestNG.initAndRun(RemoteTestNG.java:251)
at org.testng.remote.RemoteTestNG.main(RemoteTestNG.java:77)
]]>
    </failure>
  </testcase> <!-- @BeforeClass beforeClass -->
  <testcase name="@BeforeMethod beforeMethod" time="0.0" classname="com.testcases.TestNgClass1">
    <skipped/>
  </testcase> <!-- @BeforeMethod beforeMethod -->
  <testcase name="@AfterMethod afterMethod" time="0.0" classname="com.testcases.TestNgClass1">
    <skipped/>
  </testcase> <!-- @AfterMethod afterMethod -->
  <testcase name="@BeforeMethod beforeMethod" time="0.0" classname="com.testcases.TestNgClass1">
    <skipped/>
  </testcase> <!-- @BeforeMethod beforeMethod -->
  <testcase name="@AfterMethod afterMethod" time="0.0" classname="com.testcases.TestNgClass1">
    <skipped/>
  </testcase> <!-- @AfterMethod afterMethod -->
  <testcase name="@BeforeMethod beforeMethod" time="0.0" classname="com.testcases.TestNgClass1">
    <skipped/>
  </testcase> <!-- @BeforeMethod beforeMethod -->
  <testcase name="@AfterMethod afterMethod" time="0.0" classname="com.testcases.TestNgClass1">
    <skipped/>
  </testcase> <!-- @AfterMethod afterMethod -->
  <testcase name="@AfterClass afterClass" time="0.0" classname="com.testcases.TestNgClass1">
    <skipped/>
  </testcase> <!-- @AfterClass afterClass -->
  <testcase name="@AfterTest afterTest" time="0.0" classname="com.testcases.TestNgClass1">
    <skipped/>
  </testcase> <!-- @AfterTest afterTest -->
  <testcase name="validateGmoOnlineLoadedSuccessfully" time="0.0" classname="com.testcases.TestNgClass1">
    <skipped/>
  </testcase> <!-- validateGmoOnlineLoadedSuccessfully -->
  <testcase name="validateOnLineCatalogLoadedSuccessfully" time="0.0" classname="com.testcases.TestNgClass1">
    <skipped/>
  </testcase> <!-- validateOnLineCatalogLoadedSuccessfully -->
  <testcase name="validateOrderQuantityGlacierSunGlasses" time="0.0" classname="com.testcases.TestNgClass1">
    <skipped/>
  </testcase> <!-- validateOrderQuantityGlacierSunGlasses -->
  <testcase name="ValidatingBillingInfoWithDataDriven" time="0.0" classname="com.testcases.TestNgClass1">
    <skipped/>
  </testcase> <!-- ValidatingBillingInfoWithDataDriven -->
</testsuite> <!-- Default test -->
