<?xml version="1.0" encoding="UTF-8"?>
<!-- Generated by org.testng.reporters.JUnitXMLReporter -->
<testsuite hostname="DESKTOP-A9DN365" ignored="0" name="Default test" tests="10" failures="0" timestamp="08 Apr 2021 15:34:12 GMT" time="0.417" errors="0">
  <testcase name="Testcase3" time="0.024" classname="com.testcases.TestNgClass1"/>
  <testcase name="Testcase1" time="0.008" classname="com.testcases.TestNgClass1"/>
  <testcase name="Aestcase2" time="0.008" classname="com.testcases.TestNgClass1"/>
  <testcase name="Aestcase2" time="0.008" classname="com.testcases.TestNgClass1"/>
  <testcase name="Aestcase2" time="0.027" classname="com.testcases.TestNgClass1"/>
  <testcase name="Aestcase2" time="0.006" classname="com.testcases.TestNgClass1"/>
  <testcase name="Aestcase2" time="0.006" classname="com.testcases.TestNgClass1"/>
  <testcase name="Aestcase2" time="0.007" classname="com.testcases.TestNgClass1"/>
  <testcase name="Aestcase2" time="0.072" classname="com.testcases.TestNgClass1"/>
  <testcase name="Aestcase2" time="0.021" classname="com.testcases.TestNgClass1"/>
</testsuite> <!-- Default test -->
