<?xml version="1.0" encoding="UTF-8"?>
<!-- Generated by org.testng.reporters.JUnitXMLReporter -->
<testsuite hostname="DESKTOP-A9DN365" ignored="0" name="Test" tests="3" failures="0" timestamp="08 Apr 2021 15:10:56 GMT" time="0.182" errors="0">
  <testcase name="Testcase1" time="0.016" classname="com.testcases.TestNgClass1"/>
  <testcase name="Testcase2" time="0.006" classname="com.testcases.TestNgClass1"/>
  <testcase name="Testcase3" time="0.016" classname="com.testcases.TestNgClass1"/>
</testsuite> <!-- Test -->
