<?xml version="1.0" encoding="UTF-8"?>
<testng-results skipped="0" failed="0" ignored="0" total="4" passed="4">
  <reporter-output>
  </reporter-output>
  <suite name="Default suite" duration-ms="29898" started-at="2021-04-10T16:40:43Z" finished-at="2021-04-10T16:41:13Z">
    <groups>
    </groups>
    <test name="Default test" duration-ms="29898" started-at="2021-04-10T16:40:43Z" finished-at="2021-04-10T16:41:13Z">
      <class name="com.testcases.TestNgClass1">
        <test-method status="PASS" signature="beforeSuite()[pri:0, instance:com.testcases.TestNgClass1@1d16f93d]" name="beforeSuite" is-config="true" duration-ms="22" started-at="2021-04-10T16:40:43Z" finished-at="2021-04-10T16:40:43Z">
          <reporter-output>
          </reporter-output>
        </test-method> <!-- beforeSuite -->
        <test-method status="PASS" signature="beforeTest()[pri:0, instance:com.testcases.TestNgClass1@1d16f93d]" name="beforeTest" is-config="true" duration-ms="4" started-at="2021-04-10T16:40:43Z" finished-at="2021-04-10T16:40:43Z">
          <reporter-output>
          </reporter-output>
        </test-method> <!-- beforeTest -->
        <test-method status="PASS" signature="beforeClass()[pri:0, instance:com.testcases.TestNgClass1@1d16f93d]" name="beforeClass" is-config="true" duration-ms="9909" started-at="2021-04-10T16:40:43Z" finished-at="2021-04-10T16:40:53Z">
          <reporter-output>
          </reporter-output>
        </test-method> <!-- beforeClass -->
        <test-method status="PASS" signature="beforeMethod()[pri:0, instance:com.testcases.TestNgClass1@1d16f93d]" name="beforeMethod" is-config="true" duration-ms="0" started-at="2021-04-10T16:40:53Z" finished-at="2021-04-10T16:40:53Z">
          <reporter-output>
          </reporter-output>
        </test-method> <!-- beforeMethod -->
        <test-method status="PASS" signature="validateGmoOnlineLoadedSuccessfully()[pri:0, instance:com.testcases.TestNgClass1@1d16f93d]" name="validateGmoOnlineLoadedSuccessfully" duration-ms="430" started-at="2021-04-10T16:40:53Z" finished-at="2021-04-10T16:40:54Z">
          <reporter-output>
          </reporter-output>
        </test-method> <!-- validateGmoOnlineLoadedSuccessfully -->
        <test-method status="PASS" signature="afterMethod()[pri:0, instance:com.testcases.TestNgClass1@1d16f93d]" name="afterMethod" is-config="true" duration-ms="1" started-at="2021-04-10T16:40:54Z" finished-at="2021-04-10T16:40:54Z">
          <reporter-output>
          </reporter-output>
        </test-method> <!-- afterMethod -->
        <test-method status="PASS" signature="validateOnLineCatalogLoadedSuccessfully()[pri:1, instance:com.testcases.TestNgClass1@1d16f93d]" name="validateOnLineCatalogLoadedSuccessfully" duration-ms="1294" started-at="2021-04-10T16:40:54Z" finished-at="2021-04-10T16:40:55Z">
          <reporter-output>
          </reporter-output>
        </test-method> <!-- validateOnLineCatalogLoadedSuccessfully -->
        <test-method status="PASS" signature="beforeMethod()[pri:0, instance:com.testcases.TestNgClass1@1d16f93d]" name="beforeMethod" is-config="true" duration-ms="0" started-at="2021-04-10T16:40:54Z" finished-at="2021-04-10T16:40:54Z">
          <reporter-output>
          </reporter-output>
        </test-method> <!-- beforeMethod -->
        <test-method status="PASS" signature="afterMethod()[pri:0, instance:com.testcases.TestNgClass1@1d16f93d]" name="afterMethod" is-config="true" duration-ms="1" started-at="2021-04-10T16:40:55Z" finished-at="2021-04-10T16:40:55Z">
          <reporter-output>
          </reporter-output>
        </test-method> <!-- afterMethod -->
        <test-method status="PASS" signature="beforeMethod()[pri:0, instance:com.testcases.TestNgClass1@1d16f93d]" name="beforeMethod" is-config="true" duration-ms="1" started-at="2021-04-10T16:40:55Z" finished-at="2021-04-10T16:40:55Z">
          <reporter-output>
          </reporter-output>
        </test-method> <!-- beforeMethod -->
        <test-method status="PASS" signature="validateOrderQuantityGlacierSunGlasses()[pri:2, instance:com.testcases.TestNgClass1@1d16f93d]" name="validateOrderQuantityGlacierSunGlasses" duration-ms="3054" started-at="2021-04-10T16:40:55Z" finished-at="2021-04-10T16:40:58Z">
          <reporter-output>
          </reporter-output>
        </test-method> <!-- validateOrderQuantityGlacierSunGlasses -->
        <test-method status="PASS" signature="afterMethod()[pri:0, instance:com.testcases.TestNgClass1@1d16f93d]" name="afterMethod" is-config="true" duration-ms="1" started-at="2021-04-10T16:40:58Z" finished-at="2021-04-10T16:40:58Z">
          <reporter-output>
          </reporter-output>
        </test-method> <!-- afterMethod -->
        <test-method status="PASS" signature="ValidatingBillingInfoWithDataDriven()[pri:3, instance:com.testcases.TestNgClass1@1d16f93d]" name="ValidatingBillingInfoWithDataDriven" duration-ms="15121" started-at="2021-04-10T16:40:58Z" finished-at="2021-04-10T16:41:13Z">
          <reporter-output>
          </reporter-output>
        </test-method> <!-- ValidatingBillingInfoWithDataDriven -->
        <test-method status="PASS" signature="beforeMethod()[pri:0, instance:com.testcases.TestNgClass1@1d16f93d]" name="beforeMethod" is-config="true" duration-ms="0" started-at="2021-04-10T16:40:58Z" finished-at="2021-04-10T16:40:58Z">
          <reporter-output>
          </reporter-output>
        </test-method> <!-- beforeMethod -->
        <test-method status="PASS" signature="afterMethod()[pri:0, instance:com.testcases.TestNgClass1@1d16f93d]" name="afterMethod" is-config="true" duration-ms="1" started-at="2021-04-10T16:41:13Z" finished-at="2021-04-10T16:41:13Z">
          <reporter-output>
          </reporter-output>
        </test-method> <!-- afterMethod -->
        <test-method status="PASS" signature="afterClass()[pri:0, instance:com.testcases.TestNgClass1@1d16f93d]" name="afterClass" is-config="true" duration-ms="1" started-at="2021-04-10T16:41:13Z" finished-at="2021-04-10T16:41:13Z">
          <reporter-output>
          </reporter-output>
        </test-method> <!-- afterClass -->
        <test-method status="PASS" signature="afterTest()[pri:0, instance:com.testcases.TestNgClass1@1d16f93d]" name="afterTest" is-config="true" duration-ms="1" started-at="2021-04-10T16:41:13Z" finished-at="2021-04-10T16:41:13Z">
          <reporter-output>
          </reporter-output>
        </test-method> <!-- afterTest -->
        <test-method status="PASS" signature="afterSuite()[pri:0, instance:com.testcases.TestNgClass1@1d16f93d]" name="afterSuite" is-config="true" duration-ms="1" started-at="2021-04-10T16:41:13Z" finished-at="2021-04-10T16:41:13Z">
          <reporter-output>
          </reporter-output>
        </test-method> <!-- afterSuite -->
      </class> <!-- com.testcases.TestNgClass1 -->
    </test> <!-- Default test -->
  </suite> <!-- Default suite -->
</testng-results>
