<?xml version="1.0" encoding="UTF-8"?>
<testng-results skipped="0" failed="0" ignored="0" total="12" passed="12">
  <reporter-output>
  </reporter-output>
  <suite name="Default suite" duration-ms="475" started-at="2021-03-26T15:22:34Z" finished-at="2021-03-26T15:22:35Z">
    <groups>
    </groups>
    <test name="Default test" duration-ms="475" started-at="2021-03-26T15:22:34Z" finished-at="2021-03-26T15:22:35Z">
      <class name="com.SeleniumConcepts.FirstTestNgClass">
        <test-method status="PASS" signature="beforeSuite()[pri:0, instance:com.SeleniumConcepts.FirstTestNgClass@5abca1e0]" name="beforeSuite" is-config="true" duration-ms="32" started-at="2021-03-26T15:22:34Z" finished-at="2021-03-26T15:22:34Z">
          <reporter-output>
          </reporter-output>
        </test-method> <!-- beforeSuite -->
        <test-method status="PASS" signature="beforeTest()[pri:0, instance:com.SeleniumConcepts.FirstTestNgClass@5abca1e0]" name="beforeTest" is-config="true" duration-ms="5" started-at="2021-03-26T15:22:34Z" finished-at="2021-03-26T15:22:34Z">
          <reporter-output>
          </reporter-output>
        </test-method> <!-- beforeTest -->
        <test-method status="PASS" signature="beforeClass()[pri:0, instance:com.SeleniumConcepts.FirstTestNgClass@5abca1e0]" name="beforeClass" is-config="true" duration-ms="0" started-at="2021-03-26T15:22:34Z" finished-at="2021-03-26T15:22:34Z">
          <reporter-output>
          </reporter-output>
        </test-method> <!-- beforeClass -->
        <test-method status="PASS" signature="beforeMethod()[pri:0, instance:com.SeleniumConcepts.FirstTestNgClass@5abca1e0]" name="beforeMethod" is-config="true" duration-ms="1" started-at="2021-03-26T15:22:34Z" finished-at="2021-03-26T15:22:34Z">
          <reporter-output>
          </reporter-output>
        </test-method> <!-- beforeMethod -->
        <test-method status="PASS" signature="TestCase3()[pri:-6, instance:com.SeleniumConcepts.FirstTestNgClass@5abca1e0]" name="TestCase3" duration-ms="15" started-at="2021-03-26T15:22:34Z" finished-at="2021-03-26T15:22:34Z">
          <reporter-output>
          </reporter-output>
        </test-method> <!-- TestCase3 -->
        <test-method status="PASS" signature="afterMethod()[pri:0, instance:com.SeleniumConcepts.FirstTestNgClass@5abca1e0]" name="afterMethod" is-config="true" duration-ms="2" started-at="2021-03-26T15:22:34Z" finished-at="2021-03-26T15:22:34Z">
          <reporter-output>
          </reporter-output>
        </test-method> <!-- afterMethod -->
        <test-method status="PASS" signature="beforeMethod()[pri:0, instance:com.SeleniumConcepts.FirstTestNgClass@5abca1e0]" name="beforeMethod" is-config="true" duration-ms="2" started-at="2021-03-26T15:22:34Z" finished-at="2021-03-26T15:22:34Z">
          <reporter-output>
          </reporter-output>
        </test-method> <!-- beforeMethod -->
        <test-method status="PASS" signature="TestCase2()[pri:1, instance:com.SeleniumConcepts.FirstTestNgClass@5abca1e0]" name="TestCase2" duration-ms="6" started-at="2021-03-26T15:22:34Z" finished-at="2021-03-26T15:22:34Z">
          <reporter-output>
          </reporter-output>
        </test-method> <!-- TestCase2 -->
        <test-method status="PASS" signature="afterMethod()[pri:0, instance:com.SeleniumConcepts.FirstTestNgClass@5abca1e0]" name="afterMethod" is-config="true" duration-ms="1" started-at="2021-03-26T15:22:34Z" finished-at="2021-03-26T15:22:34Z">
          <reporter-output>
          </reporter-output>
        </test-method> <!-- afterMethod -->
        <test-method status="PASS" signature="beforeMethod()[pri:0, instance:com.SeleniumConcepts.FirstTestNgClass@5abca1e0]" name="beforeMethod" is-config="true" duration-ms="2" started-at="2021-03-26T15:22:34Z" finished-at="2021-03-26T15:22:34Z">
          <reporter-output>
          </reporter-output>
        </test-method> <!-- beforeMethod -->
        <test-method status="PASS" signature="TestCase2()[pri:1, instance:com.SeleniumConcepts.FirstTestNgClass@5abca1e0]" name="TestCase2" duration-ms="7" started-at="2021-03-26T15:22:34Z" finished-at="2021-03-26T15:22:34Z">
          <reporter-output>
          </reporter-output>
        </test-method> <!-- TestCase2 -->
        <test-method status="PASS" signature="afterMethod()[pri:0, instance:com.SeleniumConcepts.FirstTestNgClass@5abca1e0]" name="afterMethod" is-config="true" duration-ms="10" started-at="2021-03-26T15:22:34Z" finished-at="2021-03-26T15:22:34Z">
          <reporter-output>
          </reporter-output>
        </test-method> <!-- afterMethod -->
        <test-method status="PASS" signature="beforeMethod()[pri:0, instance:com.SeleniumConcepts.FirstTestNgClass@5abca1e0]" name="beforeMethod" is-config="true" duration-ms="1" started-at="2021-03-26T15:22:34Z" finished-at="2021-03-26T15:22:34Z">
          <reporter-output>
          </reporter-output>
        </test-method> <!-- beforeMethod -->
        <test-method status="PASS" signature="TestCase2()[pri:1, instance:com.SeleniumConcepts.FirstTestNgClass@5abca1e0]" name="TestCase2" duration-ms="13" started-at="2021-03-26T15:22:34Z" finished-at="2021-03-26T15:22:34Z">
          <reporter-output>
          </reporter-output>
        </test-method> <!-- TestCase2 -->
        <test-method status="PASS" signature="afterMethod()[pri:0, instance:com.SeleniumConcepts.FirstTestNgClass@5abca1e0]" name="afterMethod" is-config="true" duration-ms="0" started-at="2021-03-26T15:22:34Z" finished-at="2021-03-26T15:22:34Z">
          <reporter-output>
          </reporter-output>
        </test-method> <!-- afterMethod -->
        <test-method status="PASS" signature="beforeMethod()[pri:0, instance:com.SeleniumConcepts.FirstTestNgClass@5abca1e0]" name="beforeMethod" is-config="true" duration-ms="0" started-at="2021-03-26T15:22:34Z" finished-at="2021-03-26T15:22:34Z">
          <reporter-output>
          </reporter-output>
        </test-method> <!-- beforeMethod -->
        <test-method status="PASS" signature="TestCase2()[pri:1, instance:com.SeleniumConcepts.FirstTestNgClass@5abca1e0]" name="TestCase2" duration-ms="9" started-at="2021-03-26T15:22:34Z" finished-at="2021-03-26T15:22:34Z">
          <reporter-output>
          </reporter-output>
        </test-method> <!-- TestCase2 -->
        <test-method status="PASS" signature="afterMethod()[pri:0, instance:com.SeleniumConcepts.FirstTestNgClass@5abca1e0]" name="afterMethod" is-config="true" duration-ms="15" started-at="2021-03-26T15:22:34Z" finished-at="2021-03-26T15:22:34Z">
          <reporter-output>
          </reporter-output>
        </test-method> <!-- afterMethod -->
        <test-method status="PASS" signature="beforeMethod()[pri:0, instance:com.SeleniumConcepts.FirstTestNgClass@5abca1e0]" name="beforeMethod" is-config="true" duration-ms="1" started-at="2021-03-26T15:22:34Z" finished-at="2021-03-26T15:22:34Z">
          <reporter-output>
          </reporter-output>
        </test-method> <!-- beforeMethod -->
        <test-method status="PASS" signature="TestCase2()[pri:1, instance:com.SeleniumConcepts.FirstTestNgClass@5abca1e0]" name="TestCase2" duration-ms="10" started-at="2021-03-26T15:22:34Z" finished-at="2021-03-26T15:22:34Z">
          <reporter-output>
          </reporter-output>
        </test-method> <!-- TestCase2 -->
        <test-method status="PASS" signature="afterMethod()[pri:0, instance:com.SeleniumConcepts.FirstTestNgClass@5abca1e0]" name="afterMethod" is-config="true" duration-ms="9" started-at="2021-03-26T15:22:34Z" finished-at="2021-03-26T15:22:34Z">
          <reporter-output>
          </reporter-output>
        </test-method> <!-- afterMethod -->
        <test-method status="PASS" signature="beforeMethod()[pri:0, instance:com.SeleniumConcepts.FirstTestNgClass@5abca1e0]" name="beforeMethod" is-config="true" duration-ms="2" started-at="2021-03-26T15:22:34Z" finished-at="2021-03-26T15:22:34Z">
          <reporter-output>
          </reporter-output>
        </test-method> <!-- beforeMethod -->
        <test-method status="PASS" signature="TestCase2()[pri:1, instance:com.SeleniumConcepts.FirstTestNgClass@5abca1e0]" name="TestCase2" duration-ms="10" started-at="2021-03-26T15:22:34Z" finished-at="2021-03-26T15:22:34Z">
          <reporter-output>
          </reporter-output>
        </test-method> <!-- TestCase2 -->
        <test-method status="PASS" signature="afterMethod()[pri:0, instance:com.SeleniumConcepts.FirstTestNgClass@5abca1e0]" name="afterMethod" is-config="true" duration-ms="0" started-at="2021-03-26T15:22:34Z" finished-at="2021-03-26T15:22:34Z">
          <reporter-output>
          </reporter-output>
        </test-method> <!-- afterMethod -->
        <test-method status="PASS" signature="beforeMethod()[pri:0, instance:com.SeleniumConcepts.FirstTestNgClass@5abca1e0]" name="beforeMethod" is-config="true" duration-ms="0" started-at="2021-03-26T15:22:34Z" finished-at="2021-03-26T15:22:34Z">
          <reporter-output>
          </reporter-output>
        </test-method> <!-- beforeMethod -->
        <test-method status="PASS" signature="TestCase2()[pri:1, instance:com.SeleniumConcepts.FirstTestNgClass@5abca1e0]" name="TestCase2" duration-ms="16" started-at="2021-03-26T15:22:34Z" finished-at="2021-03-26T15:22:34Z">
          <reporter-output>
          </reporter-output>
        </test-method> <!-- TestCase2 -->
        <test-method status="PASS" signature="afterMethod()[pri:0, instance:com.SeleniumConcepts.FirstTestNgClass@5abca1e0]" name="afterMethod" is-config="true" duration-ms="7" started-at="2021-03-26T15:22:34Z" finished-at="2021-03-26T15:22:34Z">
          <reporter-output>
          </reporter-output>
        </test-method> <!-- afterMethod -->
        <test-method status="PASS" signature="beforeMethod()[pri:0, instance:com.SeleniumConcepts.FirstTestNgClass@5abca1e0]" name="beforeMethod" is-config="true" duration-ms="4" started-at="2021-03-26T15:22:34Z" finished-at="2021-03-26T15:22:34Z">
          <reporter-output>
          </reporter-output>
        </test-method> <!-- beforeMethod -->
        <test-method status="PASS" signature="TestCase2()[pri:1, instance:com.SeleniumConcepts.FirstTestNgClass@5abca1e0]" name="TestCase2" duration-ms="4" started-at="2021-03-26T15:22:34Z" finished-at="2021-03-26T15:22:34Z">
          <reporter-output>
          </reporter-output>
        </test-method> <!-- TestCase2 -->
        <test-method status="PASS" signature="afterMethod()[pri:0, instance:com.SeleniumConcepts.FirstTestNgClass@5abca1e0]" name="afterMethod" is-config="true" duration-ms="2" started-at="2021-03-26T15:22:34Z" finished-at="2021-03-26T15:22:34Z">
          <reporter-output>
          </reporter-output>
        </test-method> <!-- afterMethod -->
        <test-method status="PASS" signature="beforeMethod()[pri:0, instance:com.SeleniumConcepts.FirstTestNgClass@5abca1e0]" name="beforeMethod" is-config="true" duration-ms="1" started-at="2021-03-26T15:22:34Z" finished-at="2021-03-26T15:22:34Z">
          <reporter-output>
          </reporter-output>
        </test-method> <!-- beforeMethod -->
        <test-method status="PASS" signature="TestCase2()[pri:1, instance:com.SeleniumConcepts.FirstTestNgClass@5abca1e0]" name="TestCase2" duration-ms="30" started-at="2021-03-26T15:22:34Z" finished-at="2021-03-26T15:22:35Z">
          <reporter-output>
          </reporter-output>
        </test-method> <!-- TestCase2 -->
        <test-method status="PASS" signature="afterMethod()[pri:0, instance:com.SeleniumConcepts.FirstTestNgClass@5abca1e0]" name="afterMethod" is-config="true" duration-ms="0" started-at="2021-03-26T15:22:35Z" finished-at="2021-03-26T15:22:35Z">
          <reporter-output>
          </reporter-output>
        </test-method> <!-- afterMethod -->
        <test-method status="PASS" signature="beforeMethod()[pri:0, instance:com.SeleniumConcepts.FirstTestNgClass@5abca1e0]" name="beforeMethod" is-config="true" duration-ms="0" started-at="2021-03-26T15:22:35Z" finished-at="2021-03-26T15:22:35Z">
          <reporter-output>
          </reporter-output>
        </test-method> <!-- beforeMethod -->
        <test-method status="PASS" signature="TestCase2()[pri:1, instance:com.SeleniumConcepts.FirstTestNgClass@5abca1e0]" name="TestCase2" duration-ms="5" started-at="2021-03-26T15:22:35Z" finished-at="2021-03-26T15:22:35Z">
          <reporter-output>
          </reporter-output>
        </test-method> <!-- TestCase2 -->
        <test-method status="PASS" signature="afterMethod()[pri:0, instance:com.SeleniumConcepts.FirstTestNgClass@5abca1e0]" name="afterMethod" is-config="true" duration-ms="1" started-at="2021-03-26T15:22:35Z" finished-at="2021-03-26T15:22:35Z">
          <reporter-output>
          </reporter-output>
        </test-method> <!-- afterMethod -->
        <test-method status="PASS" signature="beforeMethod()[pri:0, instance:com.SeleniumConcepts.FirstTestNgClass@5abca1e0]" name="beforeMethod" is-config="true" duration-ms="3" started-at="2021-03-26T15:22:35Z" finished-at="2021-03-26T15:22:35Z">
          <reporter-output>
          </reporter-output>
        </test-method> <!-- beforeMethod -->
        <test-method status="PASS" signature="TestCase1()[pri:2, instance:com.SeleniumConcepts.FirstTestNgClass@5abca1e0]" name="TestCase1" duration-ms="24" started-at="2021-03-26T15:22:35Z" finished-at="2021-03-26T15:22:35Z">
          <reporter-output>
          </reporter-output>
        </test-method> <!-- TestCase1 -->
        <test-method status="PASS" signature="afterMethod()[pri:0, instance:com.SeleniumConcepts.FirstTestNgClass@5abca1e0]" name="afterMethod" is-config="true" duration-ms="11" started-at="2021-03-26T15:22:35Z" finished-at="2021-03-26T15:22:35Z">
          <reporter-output>
          </reporter-output>
        </test-method> <!-- afterMethod -->
        <test-method status="PASS" signature="afterClass()[pri:0, instance:com.SeleniumConcepts.FirstTestNgClass@5abca1e0]" name="afterClass" is-config="true" duration-ms="1" started-at="2021-03-26T15:22:35Z" finished-at="2021-03-26T15:22:35Z">
          <reporter-output>
          </reporter-output>
        </test-method> <!-- afterClass -->
        <test-method status="PASS" signature="afterTest()[pri:0, instance:com.SeleniumConcepts.FirstTestNgClass@5abca1e0]" name="afterTest" is-config="true" duration-ms="3" started-at="2021-03-26T15:22:35Z" finished-at="2021-03-26T15:22:35Z">
          <reporter-output>
          </reporter-output>
        </test-method> <!-- afterTest -->
        <test-method status="PASS" signature="afterSuite()[pri:0, instance:com.SeleniumConcepts.FirstTestNgClass@5abca1e0]" name="afterSuite" is-config="true" duration-ms="1" started-at="2021-03-26T15:22:35Z" finished-at="2021-03-26T15:22:35Z">
          <reporter-output>
          </reporter-output>
        </test-method> <!-- afterSuite -->
      </class> <!-- com.SeleniumConcepts.FirstTestNgClass -->
    </test> <!-- Default test -->
  </suite> <!-- Default suite -->
</testng-results>
