<?xml version="1.0" encoding="UTF-8"?>
<testng-results skipped="0" failed="0" ignored="0" total="10" passed="10">
  <reporter-output>
  </reporter-output>
  <suite name="Default suite" duration-ms="417" started-at="2021-04-08T15:34:12Z" finished-at="2021-04-08T15:34:12Z">
    <groups>
    </groups>
    <test name="Default test" duration-ms="417" started-at="2021-04-08T15:34:12Z" finished-at="2021-04-08T15:34:12Z">
      <class name="com.testcases.TestNgClass1">
        <test-method status="PASS" signature="beforeSuite()[pri:0, instance:com.testcases.TestNgClass1@5abca1e0]" name="beforeSuite" is-config="true" duration-ms="50" started-at="2021-04-08T15:34:12Z" finished-at="2021-04-08T15:34:12Z">
          <reporter-output>
          </reporter-output>
        </test-method> <!-- beforeSuite -->
        <test-method status="PASS" signature="beforeTest()[pri:0, instance:com.testcases.TestNgClass1@5abca1e0]" name="beforeTest" is-config="true" duration-ms="0" started-at="2021-04-08T15:34:12Z" finished-at="2021-04-08T15:34:12Z">
          <reporter-output>
          </reporter-output>
        </test-method> <!-- beforeTest -->
        <test-method status="PASS" signature="beforeClass()[pri:0, instance:com.testcases.TestNgClass1@5abca1e0]" name="beforeClass" is-config="true" duration-ms="1" started-at="2021-04-08T15:34:12Z" finished-at="2021-04-08T15:34:12Z">
          <reporter-output>
          </reporter-output>
        </test-method> <!-- beforeClass -->
        <test-method status="PASS" signature="beforeMethod()[pri:0, instance:com.testcases.TestNgClass1@5abca1e0]" name="beforeMethod" is-config="true" duration-ms="1" started-at="2021-04-08T15:34:12Z" finished-at="2021-04-08T15:34:12Z">
          <reporter-output>
          </reporter-output>
        </test-method> <!-- beforeMethod -->
        <test-method status="PASS" signature="Testcase3()[pri:-3, instance:com.testcases.TestNgClass1@5abca1e0]" name="Testcase3" duration-ms="24" started-at="2021-04-08T15:34:12Z" finished-at="2021-04-08T15:34:12Z">
          <reporter-output>
          </reporter-output>
        </test-method> <!-- Testcase3 -->
        <test-method status="PASS" signature="afterMethod()[pri:0, instance:com.testcases.TestNgClass1@5abca1e0]" name="afterMethod" is-config="true" duration-ms="3" started-at="2021-04-08T15:34:12Z" finished-at="2021-04-08T15:34:12Z">
          <reporter-output>
          </reporter-output>
        </test-method> <!-- afterMethod -->
        <test-method status="PASS" signature="beforeMethod()[pri:0, instance:com.testcases.TestNgClass1@5abca1e0]" name="beforeMethod" is-config="true" duration-ms="2" started-at="2021-04-08T15:34:12Z" finished-at="2021-04-08T15:34:12Z">
          <reporter-output>
          </reporter-output>
        </test-method> <!-- beforeMethod -->
        <test-method status="PASS" signature="Testcase1()[pri:0, instance:com.testcases.TestNgClass1@5abca1e0]" name="Testcase1" duration-ms="8" started-at="2021-04-08T15:34:12Z" finished-at="2021-04-08T15:34:12Z">
          <reporter-output>
          </reporter-output>
        </test-method> <!-- Testcase1 -->
        <test-method status="PASS" signature="afterMethod()[pri:0, instance:com.testcases.TestNgClass1@5abca1e0]" name="afterMethod" is-config="true" duration-ms="3" started-at="2021-04-08T15:34:12Z" finished-at="2021-04-08T15:34:12Z">
          <reporter-output>
          </reporter-output>
        </test-method> <!-- afterMethod -->
        <test-method status="PASS" signature="beforeMethod()[pri:0, instance:com.testcases.TestNgClass1@5abca1e0]" name="beforeMethod" is-config="true" duration-ms="3" started-at="2021-04-08T15:34:12Z" finished-at="2021-04-08T15:34:12Z">
          <reporter-output>
          </reporter-output>
        </test-method> <!-- beforeMethod -->
        <test-method status="PASS" signature="Aestcase2()[pri:3, instance:com.testcases.TestNgClass1@5abca1e0]" name="Aestcase2" duration-ms="8" started-at="2021-04-08T15:34:12Z" finished-at="2021-04-08T15:34:12Z">
          <reporter-output>
          </reporter-output>
        </test-method> <!-- Aestcase2 -->
        <test-method status="PASS" signature="afterMethod()[pri:0, instance:com.testcases.TestNgClass1@5abca1e0]" name="afterMethod" is-config="true" duration-ms="4" started-at="2021-04-08T15:34:12Z" finished-at="2021-04-08T15:34:12Z">
          <reporter-output>
          </reporter-output>
        </test-method> <!-- afterMethod -->
        <test-method status="PASS" signature="beforeMethod()[pri:0, instance:com.testcases.TestNgClass1@5abca1e0]" name="beforeMethod" is-config="true" duration-ms="1" started-at="2021-04-08T15:34:12Z" finished-at="2021-04-08T15:34:12Z">
          <reporter-output>
          </reporter-output>
        </test-method> <!-- beforeMethod -->
        <test-method status="PASS" signature="Aestcase2()[pri:3, instance:com.testcases.TestNgClass1@5abca1e0]" name="Aestcase2" duration-ms="8" started-at="2021-04-08T15:34:12Z" finished-at="2021-04-08T15:34:12Z">
          <reporter-output>
          </reporter-output>
        </test-method> <!-- Aestcase2 -->
        <test-method status="PASS" signature="afterMethod()[pri:0, instance:com.testcases.TestNgClass1@5abca1e0]" name="afterMethod" is-config="true" duration-ms="2" started-at="2021-04-08T15:34:12Z" finished-at="2021-04-08T15:34:12Z">
          <reporter-output>
          </reporter-output>
        </test-method> <!-- afterMethod -->
        <test-method status="PASS" signature="beforeMethod()[pri:0, instance:com.testcases.TestNgClass1@5abca1e0]" name="beforeMethod" is-config="true" duration-ms="1" started-at="2021-04-08T15:34:12Z" finished-at="2021-04-08T15:34:12Z">
          <reporter-output>
          </reporter-output>
        </test-method> <!-- beforeMethod -->
        <test-method status="PASS" signature="Aestcase2()[pri:3, instance:com.testcases.TestNgClass1@5abca1e0]" name="Aestcase2" duration-ms="27" started-at="2021-04-08T15:34:12Z" finished-at="2021-04-08T15:34:12Z">
          <reporter-output>
          </reporter-output>
        </test-method> <!-- Aestcase2 -->
        <test-method status="PASS" signature="afterMethod()[pri:0, instance:com.testcases.TestNgClass1@5abca1e0]" name="afterMethod" is-config="true" duration-ms="1" started-at="2021-04-08T15:34:12Z" finished-at="2021-04-08T15:34:12Z">
          <reporter-output>
          </reporter-output>
        </test-method> <!-- afterMethod -->
        <test-method status="PASS" signature="beforeMethod()[pri:0, instance:com.testcases.TestNgClass1@5abca1e0]" name="beforeMethod" is-config="true" duration-ms="3" started-at="2021-04-08T15:34:12Z" finished-at="2021-04-08T15:34:12Z">
          <reporter-output>
          </reporter-output>
        </test-method> <!-- beforeMethod -->
        <test-method status="PASS" signature="Aestcase2()[pri:3, instance:com.testcases.TestNgClass1@5abca1e0]" name="Aestcase2" duration-ms="6" started-at="2021-04-08T15:34:12Z" finished-at="2021-04-08T15:34:12Z">
          <reporter-output>
          </reporter-output>
        </test-method> <!-- Aestcase2 -->
        <test-method status="PASS" signature="afterMethod()[pri:0, instance:com.testcases.TestNgClass1@5abca1e0]" name="afterMethod" is-config="true" duration-ms="11" started-at="2021-04-08T15:34:12Z" finished-at="2021-04-08T15:34:12Z">
          <reporter-output>
          </reporter-output>
        </test-method> <!-- afterMethod -->
        <test-method status="PASS" signature="beforeMethod()[pri:0, instance:com.testcases.TestNgClass1@5abca1e0]" name="beforeMethod" is-config="true" duration-ms="4" started-at="2021-04-08T15:34:12Z" finished-at="2021-04-08T15:34:12Z">
          <reporter-output>
          </reporter-output>
        </test-method> <!-- beforeMethod -->
        <test-method status="PASS" signature="Aestcase2()[pri:3, instance:com.testcases.TestNgClass1@5abca1e0]" name="Aestcase2" duration-ms="6" started-at="2021-04-08T15:34:12Z" finished-at="2021-04-08T15:34:12Z">
          <reporter-output>
          </reporter-output>
        </test-method> <!-- Aestcase2 -->
        <test-method status="PASS" signature="afterMethod()[pri:0, instance:com.testcases.TestNgClass1@5abca1e0]" name="afterMethod" is-config="true" duration-ms="2" started-at="2021-04-08T15:34:12Z" finished-at="2021-04-08T15:34:12Z">
          <reporter-output>
          </reporter-output>
        </test-method> <!-- afterMethod -->
        <test-method status="PASS" signature="beforeMethod()[pri:0, instance:com.testcases.TestNgClass1@5abca1e0]" name="beforeMethod" is-config="true" duration-ms="1" started-at="2021-04-08T15:34:12Z" finished-at="2021-04-08T15:34:12Z">
          <reporter-output>
          </reporter-output>
        </test-method> <!-- beforeMethod -->
        <test-method status="PASS" signature="Aestcase2()[pri:3, instance:com.testcases.TestNgClass1@5abca1e0]" name="Aestcase2" duration-ms="7" started-at="2021-04-08T15:34:12Z" finished-at="2021-04-08T15:34:12Z">
          <reporter-output>
          </reporter-output>
        </test-method> <!-- Aestcase2 -->
        <test-method status="PASS" signature="afterMethod()[pri:0, instance:com.testcases.TestNgClass1@5abca1e0]" name="afterMethod" is-config="true" duration-ms="5" started-at="2021-04-08T15:34:12Z" finished-at="2021-04-08T15:34:12Z">
          <reporter-output>
          </reporter-output>
        </test-method> <!-- afterMethod -->
        <test-method status="PASS" signature="beforeMethod()[pri:0, instance:com.testcases.TestNgClass1@5abca1e0]" name="beforeMethod" is-config="true" duration-ms="0" started-at="2021-04-08T15:34:12Z" finished-at="2021-04-08T15:34:12Z">
          <reporter-output>
          </reporter-output>
        </test-method> <!-- beforeMethod -->
        <test-method status="PASS" signature="Aestcase2()[pri:3, instance:com.testcases.TestNgClass1@5abca1e0]" name="Aestcase2" duration-ms="72" started-at="2021-04-08T15:34:12Z" finished-at="2021-04-08T15:34:12Z">
          <reporter-output>
          </reporter-output>
        </test-method> <!-- Aestcase2 -->
        <test-method status="PASS" signature="afterMethod()[pri:0, instance:com.testcases.TestNgClass1@5abca1e0]" name="afterMethod" is-config="true" duration-ms="2" started-at="2021-04-08T15:34:12Z" finished-at="2021-04-08T15:34:12Z">
          <reporter-output>
          </reporter-output>
        </test-method> <!-- afterMethod -->
        <test-method status="PASS" signature="beforeMethod()[pri:0, instance:com.testcases.TestNgClass1@5abca1e0]" name="beforeMethod" is-config="true" duration-ms="1" started-at="2021-04-08T15:34:12Z" finished-at="2021-04-08T15:34:12Z">
          <reporter-output>
          </reporter-output>
        </test-method> <!-- beforeMethod -->
        <test-method status="PASS" signature="Aestcase2()[pri:3, instance:com.testcases.TestNgClass1@5abca1e0]" name="Aestcase2" duration-ms="21" started-at="2021-04-08T15:34:12Z" finished-at="2021-04-08T15:34:12Z">
          <reporter-output>
          </reporter-output>
        </test-method> <!-- Aestcase2 -->
        <test-method status="PASS" signature="afterMethod()[pri:0, instance:com.testcases.TestNgClass1@5abca1e0]" name="afterMethod" is-config="true" duration-ms="2" started-at="2021-04-08T15:34:12Z" finished-at="2021-04-08T15:34:12Z">
          <reporter-output>
          </reporter-output>
        </test-method> <!-- afterMethod -->
        <test-method status="PASS" signature="afterClass()[pri:0, instance:com.testcases.TestNgClass1@5abca1e0]" name="afterClass" is-config="true" duration-ms="1" started-at="2021-04-08T15:34:12Z" finished-at="2021-04-08T15:34:12Z">
          <reporter-output>
          </reporter-output>
        </test-method> <!-- afterClass -->
        <test-method status="PASS" signature="afterTest()[pri:0, instance:com.testcases.TestNgClass1@5abca1e0]" name="afterTest" is-config="true" duration-ms="1" started-at="2021-04-08T15:34:12Z" finished-at="2021-04-08T15:34:12Z">
          <reporter-output>
          </reporter-output>
        </test-method> <!-- afterTest -->
        <test-method status="PASS" signature="afterSuite()[pri:0, instance:com.testcases.TestNgClass1@5abca1e0]" name="afterSuite" is-config="true" duration-ms="1" started-at="2021-04-08T15:34:12Z" finished-at="2021-04-08T15:34:12Z">
          <reporter-output>
          </reporter-output>
        </test-method> <!-- afterSuite -->
      </class> <!-- com.testcases.TestNgClass1 -->
    </test> <!-- Default test -->
  </suite> <!-- Default suite -->
</testng-results>
